[0.590s] Invoking command in '/home/richouu/drone_ws/src/drone_pkg': PYTHONPATH=/home/richouu/drone_ws/build/drone_pkg/prefix_override:/usr/lib/python3/dist-packages/colcon_core/task/python/colcon_distutils_commands:/home/richouu/drone_ws/install/drone_pkg/lib/python3.10/site-packages:${PYTHONPATH} /usr/bin/python3 -W ignore:setup.py install is deprecated -W ignore:easy_install command is deprecated setup.py egg_info --egg-base ../../build/drone_pkg build --build-base /home/richouu/drone_ws/build/drone_pkg/build install --record /home/richouu/drone_ws/build/drone_pkg/install.log --install-scripts $base/lib/drone_pkg --single-version-externally-managed install_data
[0.796s] /usr/lib/python3/dist-packages/setuptools/dist.py:723: UserWarning: Usage of dash-separated 'script-dir' will not be supported in future versions. Please use the underscore name 'script_dir' instead
[0.796s]   warnings.warn(
[0.806s] running egg_info
[0.807s] writing ../../build/drone_pkg/drone_pkg.egg-info/PKG-INFO
[0.807s] writing dependency_links to ../../build/drone_pkg/drone_pkg.egg-info/dependency_links.txt
[0.808s] writing entry points to ../../build/drone_pkg/drone_pkg.egg-info/entry_points.txt
[0.808s] writing requirements to ../../build/drone_pkg/drone_pkg.egg-info/requires.txt
[0.809s] writing top-level names to ../../build/drone_pkg/drone_pkg.egg-info/top_level.txt
[0.811s] reading manifest file '../../build/drone_pkg/drone_pkg.egg-info/SOURCES.txt'
[0.812s] writing manifest file '../../build/drone_pkg/drone_pkg.egg-info/SOURCES.txt'
[0.812s] running build
[0.812s] running build_py
[0.812s] copying drone_pkg/control.py -> /home/richouu/drone_ws/build/drone_pkg/build/lib/drone_pkg
[0.813s] running install
[0.813s] running install_lib
[0.814s] copying /home/richouu/drone_ws/build/drone_pkg/build/lib/drone_pkg/control.py -> /home/richouu/drone_ws/install/drone_pkg/lib/python3.10/site-packages/drone_pkg
[0.815s] byte-compiling /home/richouu/drone_ws/install/drone_pkg/lib/python3.10/site-packages/drone_pkg/control.py to control.cpython-310.pyc
[0.816s] running install_data
[0.817s] running install_egg_info
[0.818s] removing '/home/richouu/drone_ws/install/drone_pkg/lib/python3.10/site-packages/drone_pkg-0.0.0-py3.10.egg-info' (and everything under it)
[0.820s] Copying ../../build/drone_pkg/drone_pkg.egg-info to /home/richouu/drone_ws/install/drone_pkg/lib/python3.10/site-packages/drone_pkg-0.0.0-py3.10.egg-info
[0.820s] running install_scripts
[0.841s] Installing camera script to /home/richouu/drone_ws/install/drone_pkg/lib/drone_pkg
[0.841s] Installing control script to /home/richouu/drone_ws/install/drone_pkg/lib/drone_pkg
[0.842s] writing list of installed files to '/home/richouu/drone_ws/build/drone_pkg/install.log'
[0.876s] Invoked command in '/home/richouu/drone_ws/src/drone_pkg' returned '0': PYTHONPATH=/home/richouu/drone_ws/build/drone_pkg/prefix_override:/usr/lib/python3/dist-packages/colcon_core/task/python/colcon_distutils_commands:/home/richouu/drone_ws/install/drone_pkg/lib/python3.10/site-packages:${PYTHONPATH} /usr/bin/python3 -W ignore:setup.py install is deprecated -W ignore:easy_install command is deprecated setup.py egg_info --egg-base ../../build/drone_pkg build --build-base /home/richouu/drone_ws/build/drone_pkg/build install --record /home/richouu/drone_ws/build/drone_pkg/install.log --install-scripts $base/lib/drone_pkg --single-version-externally-managed install_data
