[0.604s] Invoking command in '/home/richouu/drone_ws/src/drone_pkg': PYTHONPATH=/home/richouu/drone_ws/build/drone_pkg/prefix_override:/usr/lib/python3/dist-packages/colcon_core/task/python/colcon_distutils_commands:/home/richouu/drone_ws/install/drone_pkg/lib/python3.10/site-packages:${PYTHONPATH} /usr/bin/python3 -W ignore:setup.py install is deprecated -W ignore:easy_install command is deprecated setup.py egg_info --egg-base ../../build/drone_pkg build --build-base /home/richouu/drone_ws/build/drone_pkg/build install --record /home/richouu/drone_ws/build/drone_pkg/install.log --install-scripts $base/lib/drone_pkg --single-version-externally-managed install_data
[0.822s] /usr/lib/python3/dist-packages/setuptools/dist.py:723: UserWarning: Usage of dash-separated 'script-dir' will not be supported in future versions. Please use the underscore name 'script_dir' instead
[0.822s]   warnings.warn(
[0.829s] running egg_info
[0.830s] writing ../../build/drone_pkg/drone_pkg.egg-info/PKG-INFO
[0.831s] writing dependency_links to ../../build/drone_pkg/drone_pkg.egg-info/dependency_links.txt
[0.831s] writing entry points to ../../build/drone_pkg/drone_pkg.egg-info/entry_points.txt
[0.831s] writing requirements to ../../build/drone_pkg/drone_pkg.egg-info/requires.txt
[0.832s] writing top-level names to ../../build/drone_pkg/drone_pkg.egg-info/top_level.txt
[0.834s] reading manifest file '../../build/drone_pkg/drone_pkg.egg-info/SOURCES.txt'
[0.835s] writing manifest file '../../build/drone_pkg/drone_pkg.egg-info/SOURCES.txt'
[0.836s] running build
[0.836s] running build_py
[0.836s] copying drone_pkg/control.py -> /home/richouu/drone_ws/build/drone_pkg/build/lib/drone_pkg
[0.838s] running install
[0.838s] running install_lib
[0.839s] copying /home/richouu/drone_ws/build/drone_pkg/build/lib/drone_pkg/control.py -> /home/richouu/drone_ws/install/drone_pkg/lib/python3.10/site-packages/drone_pkg
[0.840s] byte-compiling /home/richouu/drone_ws/install/drone_pkg/lib/python3.10/site-packages/drone_pkg/control.py to control.cpython-310.pyc
[0.843s] running install_data
[0.844s] running install_egg_info
[0.848s] removing '/home/richouu/drone_ws/install/drone_pkg/lib/python3.10/site-packages/drone_pkg-0.0.0-py3.10.egg-info' (and everything under it)
[0.848s] Copying ../../build/drone_pkg/drone_pkg.egg-info to /home/richouu/drone_ws/install/drone_pkg/lib/python3.10/site-packages/drone_pkg-0.0.0-py3.10.egg-info
[0.849s] running install_scripts
[0.877s] Installing camera script to /home/richouu/drone_ws/install/drone_pkg/lib/drone_pkg
[0.878s] Installing control script to /home/richouu/drone_ws/install/drone_pkg/lib/drone_pkg
[0.878s] writing list of installed files to '/home/richouu/drone_ws/build/drone_pkg/install.log'
[0.906s] Invoked command in '/home/richouu/drone_ws/src/drone_pkg' returned '0': PYTHONPATH=/home/richouu/drone_ws/build/drone_pkg/prefix_override:/usr/lib/python3/dist-packages/colcon_core/task/python/colcon_distutils_commands:/home/richouu/drone_ws/install/drone_pkg/lib/python3.10/site-packages:${PYTHONPATH} /usr/bin/python3 -W ignore:setup.py install is deprecated -W ignore:easy_install command is deprecated setup.py egg_info --egg-base ../../build/drone_pkg build --build-base /home/richouu/drone_ws/build/drone_pkg/build install --record /home/richouu/drone_ws/build/drone_pkg/install.log --install-scripts $base/lib/drone_pkg --single-version-externally-managed install_data
