[4.334s] Invoking command in '/home/sunrise/drone_ws/src/drone_pkg': PYTHONPATH=/home/sunrise/drone_ws/build/drone_pkg/prefix_override:/usr/lib/python3/dist-packages/colcon_core/task/python/colcon_distutils_commands:/home/sunrise/drone_ws/install/drone_pkg/lib/python3.8/site-packages:${PYTHONPATH} /usr/bin/python3 -W ignore:setup.py install is deprecated setup.py egg_info --egg-base ../../build/drone_pkg build --build-base /home/sunrise/drone_ws/build/drone_pkg/build install --record /home/sunrise/drone_ws/build/drone_pkg/install.log --install-scripts $base/lib/drone_pkg --single-version-externally-managed install_data
[5.783s] running egg_info
[5.787s] writing ../../build/drone_pkg/drone_pkg.egg-info/PKG-INFO
[5.789s] writing dependency_links to ../../build/drone_pkg/drone_pkg.egg-info/dependency_links.txt
[5.790s] writing entry points to ../../build/drone_pkg/drone_pkg.egg-info/entry_points.txt
[5.791s] writing requirements to ../../build/drone_pkg/drone_pkg.egg-info/requires.txt
[5.792s] writing top-level names to ../../build/drone_pkg/drone_pkg.egg-info/top_level.txt
[6.070s] reading manifest file '../../build/drone_pkg/drone_pkg.egg-info/SOURCES.txt'
[6.078s] writing manifest file '../../build/drone_pkg/drone_pkg.egg-info/SOURCES.txt'
[6.079s] running build
[6.080s] running build_py
[6.081s] copying drone_pkg/view.py -> /home/sunrise/drone_ws/build/drone_pkg/build/lib/drone_pkg
[6.082s] copying drone_pkg/control1.py -> /home/sunrise/drone_ws/build/drone_pkg/build/lib/drone_pkg
[6.084s] running install
[6.089s] running install_lib
[6.096s] copying /home/sunrise/drone_ws/build/drone_pkg/build/lib/drone_pkg/view.py -> /home/sunrise/drone_ws/install/drone_pkg/lib/python3.8/site-packages/drone_pkg
[6.097s] copying /home/sunrise/drone_ws/build/drone_pkg/build/lib/drone_pkg/control1.py -> /home/sunrise/drone_ws/install/drone_pkg/lib/python3.8/site-packages/drone_pkg
[6.101s] byte-compiling /home/sunrise/drone_ws/install/drone_pkg/lib/python3.8/site-packages/drone_pkg/view.py to view.cpython-38.pyc
[6.111s] byte-compiling /home/sunrise/drone_ws/install/drone_pkg/lib/python3.8/site-packages/drone_pkg/control1.py to control1.cpython-38.pyc
[6.114s] running install_data
[6.115s] running install_egg_info
[6.126s] removing '/home/sunrise/drone_ws/install/drone_pkg/lib/python3.8/site-packages/drone_pkg-0.0.0-py3.8.egg-info' (and everything under it)
[6.127s] Copying ../../build/drone_pkg/drone_pkg.egg-info to /home/sunrise/drone_ws/install/drone_pkg/lib/python3.8/site-packages/drone_pkg-0.0.0-py3.8.egg-info
[6.133s] running install_scripts
[6.251s] Installing control0 script to /home/sunrise/drone_ws/install/drone_pkg/lib/drone_pkg
[6.252s] Installing control1 script to /home/sunrise/drone_ws/install/drone_pkg/lib/drone_pkg
[6.253s] Installing control_bt script to /home/sunrise/drone_ws/install/drone_pkg/lib/drone_pkg
[6.255s] Installing control_can script to /home/sunrise/drone_ws/install/drone_pkg/lib/drone_pkg
[6.256s] Installing view script to /home/sunrise/drone_ws/install/drone_pkg/lib/drone_pkg
[6.260s] writing list of installed files to '/home/sunrise/drone_ws/build/drone_pkg/install.log'
[6.432s] Invoked command in '/home/sunrise/drone_ws/src/drone_pkg' returned '0': PYTHONPATH=/home/sunrise/drone_ws/build/drone_pkg/prefix_override:/usr/lib/python3/dist-packages/colcon_core/task/python/colcon_distutils_commands:/home/sunrise/drone_ws/install/drone_pkg/lib/python3.8/site-packages:${PYTHONPATH} /usr/bin/python3 -W ignore:setup.py install is deprecated setup.py egg_info --egg-base ../../build/drone_pkg build --build-base /home/sunrise/drone_ws/build/drone_pkg/build install --record /home/sunrise/drone_ws/build/drone_pkg/install.log --install-scripts $base/lib/drone_pkg --single-version-externally-managed install_data
