[4.191s] Invoking command in '/home/sunrise/drone_ws/src/drone_pkg': PYTHONPATH=/home/sunrise/drone_ws/build/drone_pkg/prefix_override:/usr/lib/python3/dist-packages/colcon_core/task/python/colcon_distutils_commands:/home/sunrise/drone_ws/install/drone_pkg/lib/python3.8/site-packages:${PYTHONPATH} /usr/bin/python3 -W ignore:setup.py install is deprecated setup.py egg_info --egg-base ../../build/drone_pkg build --build-base /home/sunrise/drone_ws/build/drone_pkg/build install --record /home/sunrise/drone_ws/build/drone_pkg/install.log --install-scripts $base/lib/drone_pkg --single-version-externally-managed install_data
[5.630s] running egg_info
[5.634s] writing ../../build/drone_pkg/drone_pkg.egg-info/PKG-INFO
[5.636s] writing dependency_links to ../../build/drone_pkg/drone_pkg.egg-info/dependency_links.txt
[5.637s] writing entry points to ../../build/drone_pkg/drone_pkg.egg-info/entry_points.txt
[5.638s] writing requirements to ../../build/drone_pkg/drone_pkg.egg-info/requires.txt
[5.639s] writing top-level names to ../../build/drone_pkg/drone_pkg.egg-info/top_level.txt
[5.913s] reading manifest file '../../build/drone_pkg/drone_pkg.egg-info/SOURCES.txt'
[5.919s] writing manifest file '../../build/drone_pkg/drone_pkg.egg-info/SOURCES.txt'
[5.920s] running build
[5.921s] running build_py
[5.922s] copying drone_pkg/view1.py -> /home/sunrise/drone_ws/build/drone_pkg/build/lib/drone_pkg
[5.923s] copying drone_pkg/view0.py -> /home/sunrise/drone_ws/build/drone_pkg/build/lib/drone_pkg
[5.925s] running install
[5.930s] running install_lib
[5.936s] copying /home/sunrise/drone_ws/build/drone_pkg/build/lib/drone_pkg/view1.py -> /home/sunrise/drone_ws/install/drone_pkg/lib/python3.8/site-packages/drone_pkg
[5.938s] copying /home/sunrise/drone_ws/build/drone_pkg/build/lib/drone_pkg/view0.py -> /home/sunrise/drone_ws/install/drone_pkg/lib/python3.8/site-packages/drone_pkg
[5.941s] byte-compiling /home/sunrise/drone_ws/install/drone_pkg/lib/python3.8/site-packages/drone_pkg/view1.py to view1.cpython-38.pyc
[5.952s] byte-compiling /home/sunrise/drone_ws/install/drone_pkg/lib/python3.8/site-packages/drone_pkg/view0.py to view0.cpython-38.pyc
[5.954s] running install_data
[5.955s] running install_egg_info
[5.966s] removing '/home/sunrise/drone_ws/install/drone_pkg/lib/python3.8/site-packages/drone_pkg-0.0.0-py3.8.egg-info' (and everything under it)
[5.968s] Copying ../../build/drone_pkg/drone_pkg.egg-info to /home/sunrise/drone_ws/install/drone_pkg/lib/python3.8/site-packages/drone_pkg-0.0.0-py3.8.egg-info
[5.972s] running install_scripts
[6.089s] Installing control0 script to /home/sunrise/drone_ws/install/drone_pkg/lib/drone_pkg
[6.090s] Installing control1 script to /home/sunrise/drone_ws/install/drone_pkg/lib/drone_pkg
[6.091s] Installing control_bt script to /home/sunrise/drone_ws/install/drone_pkg/lib/drone_pkg
[6.092s] Installing control_can script to /home/sunrise/drone_ws/install/drone_pkg/lib/drone_pkg
[6.093s] Installing view0 script to /home/sunrise/drone_ws/install/drone_pkg/lib/drone_pkg
[6.094s] Installing view1 script to /home/sunrise/drone_ws/install/drone_pkg/lib/drone_pkg
[6.096s] writing list of installed files to '/home/sunrise/drone_ws/build/drone_pkg/install.log'
[6.263s] Invoked command in '/home/sunrise/drone_ws/src/drone_pkg' returned '0': PYTHONPATH=/home/sunrise/drone_ws/build/drone_pkg/prefix_override:/usr/lib/python3/dist-packages/colcon_core/task/python/colcon_distutils_commands:/home/sunrise/drone_ws/install/drone_pkg/lib/python3.8/site-packages:${PYTHONPATH} /usr/bin/python3 -W ignore:setup.py install is deprecated setup.py egg_info --egg-base ../../build/drone_pkg build --build-base /home/sunrise/drone_ws/build/drone_pkg/build install --record /home/sunrise/drone_ws/build/drone_pkg/install.log --install-scripts $base/lib/drone_pkg --single-version-externally-managed install_data
