[1.457s] Invoking command in '/home/richouu/drone_ws/src/drone_pkg': PYTHONPATH=/home/richouu/drone_ws/build/drone_pkg/prefix_override:/usr/lib/python3/dist-packages/colcon_core/task/python/colcon_distutils_commands:/home/richouu/drone_ws/install/drone_pkg/lib/python3.10/site-packages:${PYTHONPATH} /usr/bin/python3 -W ignore:setup.py install is deprecated -W ignore:easy_install command is deprecated setup.py egg_info --egg-base ../../build/drone_pkg build --build-base /home/richouu/drone_ws/build/drone_pkg/build install --record /home/richouu/drone_ws/build/drone_pkg/install.log --install-scripts $base/lib/drone_pkg --single-version-externally-managed install_data
[1.990s] /usr/lib/python3/dist-packages/setuptools/dist.py:723: UserWarning: Usage of dash-separated 'script-dir' will not be supported in future versions. Please use the underscore name 'script_dir' instead
[1.990s]   warnings.warn(
[2.003s] running egg_info
[2.005s] writing ../../build/drone_pkg/drone_pkg.egg-info/PKG-INFO
[2.006s] writing dependency_links to ../../build/drone_pkg/drone_pkg.egg-info/dependency_links.txt
[2.007s] writing entry points to ../../build/drone_pkg/drone_pkg.egg-info/entry_points.txt
[2.008s] writing requirements to ../../build/drone_pkg/drone_pkg.egg-info/requires.txt
[2.009s] writing top-level names to ../../build/drone_pkg/drone_pkg.egg-info/top_level.txt
[2.012s] reading manifest file '../../build/drone_pkg/drone_pkg.egg-info/SOURCES.txt'
[2.014s] writing manifest file '../../build/drone_pkg/drone_pkg.egg-info/SOURCES.txt'
[2.015s] running build
[2.015s] running build_py
[2.016s] running install
[2.016s] running install_lib
[2.019s] running install_data
[2.020s] running install_egg_info
[2.024s] removing '/home/richouu/drone_ws/install/drone_pkg/lib/python3.10/site-packages/drone_pkg-0.0.0-py3.10.egg-info' (and everything under it)
[2.024s] Copying ../../build/drone_pkg/drone_pkg.egg-info to /home/richouu/drone_ws/install/drone_pkg/lib/python3.10/site-packages/drone_pkg-0.0.0-py3.10.egg-info
[2.028s] running install_scripts
[2.073s] Installing camera script to /home/richouu/drone_ws/install/drone_pkg/lib/drone_pkg
[2.074s] Installing control script to /home/richouu/drone_ws/install/drone_pkg/lib/drone_pkg
[2.075s] writing list of installed files to '/home/richouu/drone_ws/build/drone_pkg/install.log'
[2.112s] Invoked command in '/home/richouu/drone_ws/src/drone_pkg' returned '0': PYTHONPATH=/home/richouu/drone_ws/build/drone_pkg/prefix_override:/usr/lib/python3/dist-packages/colcon_core/task/python/colcon_distutils_commands:/home/richouu/drone_ws/install/drone_pkg/lib/python3.10/site-packages:${PYTHONPATH} /usr/bin/python3 -W ignore:setup.py install is deprecated -W ignore:easy_install command is deprecated setup.py egg_info --egg-base ../../build/drone_pkg build --build-base /home/richouu/drone_ws/build/drone_pkg/build install --record /home/richouu/drone_ws/build/drone_pkg/install.log --install-scripts $base/lib/drone_pkg --single-version-externally-managed install_data
