[4.129s] Invoking command in '/home/sunrise/drone_ws/src/drone_pkg': PYTHONPATH=/home/sunrise/drone_ws/build/drone_pkg/prefix_override:/usr/lib/python3/dist-packages/colcon_core/task/python/colcon_distutils_commands:/home/sunrise/drone_ws/install/drone_pkg/lib/python3.8/site-packages:${PYTHONPATH} /usr/bin/python3 -W ignore:setup.py install is deprecated setup.py egg_info --egg-base ../../build/drone_pkg build --build-base /home/sunrise/drone_ws/build/drone_pkg/build install --record /home/sunrise/drone_ws/build/drone_pkg/install.log --install-scripts $base/lib/drone_pkg --single-version-externally-managed install_data
[5.550s] running egg_info
[5.554s] writing ../../build/drone_pkg/drone_pkg.egg-info/PKG-INFO
[5.555s] writing dependency_links to ../../build/drone_pkg/drone_pkg.egg-info/dependency_links.txt
[5.557s] writing entry points to ../../build/drone_pkg/drone_pkg.egg-info/entry_points.txt
[5.558s] writing requirements to ../../build/drone_pkg/drone_pkg.egg-info/requires.txt
[5.559s] writing top-level names to ../../build/drone_pkg/drone_pkg.egg-info/top_level.txt
[5.832s] reading manifest file '../../build/drone_pkg/drone_pkg.egg-info/SOURCES.txt'
[5.838s] writing manifest file '../../build/drone_pkg/drone_pkg.egg-info/SOURCES.txt'
[5.839s] running build
[5.840s] running build_py
[5.841s] copying drone_pkg/control0.py -> /home/sunrise/drone_ws/build/drone_pkg/build/lib/drone_pkg
[5.843s] running install
[5.848s] running install_lib
[5.854s] copying /home/sunrise/drone_ws/build/drone_pkg/build/lib/drone_pkg/control0.py -> /home/sunrise/drone_ws/install/drone_pkg/lib/python3.8/site-packages/drone_pkg
[5.858s] byte-compiling /home/sunrise/drone_ws/install/drone_pkg/lib/python3.8/site-packages/drone_pkg/control0.py to control0.cpython-38.pyc
[5.870s] running install_data
[5.871s] running install_egg_info
[5.881s] removing '/home/sunrise/drone_ws/install/drone_pkg/lib/python3.8/site-packages/drone_pkg-0.0.0-py3.8.egg-info' (and everything under it)
[5.884s] Copying ../../build/drone_pkg/drone_pkg.egg-info to /home/sunrise/drone_ws/install/drone_pkg/lib/python3.8/site-packages/drone_pkg-0.0.0-py3.8.egg-info
[5.889s] running install_scripts
[6.003s] Installing control0 script to /home/sunrise/drone_ws/install/drone_pkg/lib/drone_pkg
[6.004s] Installing control1 script to /home/sunrise/drone_ws/install/drone_pkg/lib/drone_pkg
[6.005s] Installing control_bt script to /home/sunrise/drone_ws/install/drone_pkg/lib/drone_pkg
[6.006s] Installing control_can script to /home/sunrise/drone_ws/install/drone_pkg/lib/drone_pkg
[6.007s] Installing view script to /home/sunrise/drone_ws/install/drone_pkg/lib/drone_pkg
[6.009s] writing list of installed files to '/home/sunrise/drone_ws/build/drone_pkg/install.log'
[6.170s] Invoked command in '/home/sunrise/drone_ws/src/drone_pkg' returned '0': PYTHONPATH=/home/sunrise/drone_ws/build/drone_pkg/prefix_override:/usr/lib/python3/dist-packages/colcon_core/task/python/colcon_distutils_commands:/home/sunrise/drone_ws/install/drone_pkg/lib/python3.8/site-packages:${PYTHONPATH} /usr/bin/python3 -W ignore:setup.py install is deprecated setup.py egg_info --egg-base ../../build/drone_pkg build --build-base /home/sunrise/drone_ws/build/drone_pkg/build install --record /home/sunrise/drone_ws/build/drone_pkg/install.log --install-scripts $base/lib/drone_pkg --single-version-externally-managed install_data
