/home/sunrise/drone_ws/install/drone_pkg/lib/python3.8/site-packages/drone_pkg/view1.py
/home/sunrise/drone_ws/install/drone_pkg/lib/python3.8/site-packages/drone_pkg/control1.py
/home/sunrise/drone_ws/install/drone_pkg/lib/python3.8/site-packages/drone_pkg/control_can.py
/home/sunrise/drone_ws/install/drone_pkg/lib/python3.8/site-packages/drone_pkg/control0.py
/home/sunrise/drone_ws/install/drone_pkg/lib/python3.8/site-packages/drone_pkg/__init__.py
/home/sunrise/drone_ws/install/drone_pkg/lib/python3.8/site-packages/drone_pkg/control_bt.py
/home/sunrise/drone_ws/install/drone_pkg/lib/python3.8/site-packages/drone_pkg/view0.py
/home/sunrise/drone_ws/install/drone_pkg/lib/python3.8/site-packages/drone_pkg/__pycache__/view1.cpython-38.pyc
/home/sunrise/drone_ws/install/drone_pkg/lib/python3.8/site-packages/drone_pkg/__pycache__/control1.cpython-38.pyc
/home/sunrise/drone_ws/install/drone_pkg/lib/python3.8/site-packages/drone_pkg/__pycache__/control_can.cpython-38.pyc
/home/sunrise/drone_ws/install/drone_pkg/lib/python3.8/site-packages/drone_pkg/__pycache__/control0.cpython-38.pyc
/home/sunrise/drone_ws/install/drone_pkg/lib/python3.8/site-packages/drone_pkg/__pycache__/__init__.cpython-38.pyc
/home/sunrise/drone_ws/install/drone_pkg/lib/python3.8/site-packages/drone_pkg/__pycache__/control_bt.cpython-38.pyc
/home/sunrise/drone_ws/install/drone_pkg/lib/python3.8/site-packages/drone_pkg/__pycache__/view0.cpython-38.pyc
/home/sunrise/drone_ws/install/drone_pkg/share/ament_index/resource_index/packages/drone_pkg
/home/sunrise/drone_ws/install/drone_pkg/share/drone_pkg/package.xml
/home/sunrise/drone_ws/install/drone_pkg/lib/python3.8/site-packages/drone_pkg-0.0.0-py3.8.egg-info/SOURCES.txt
/home/sunrise/drone_ws/install/drone_pkg/lib/python3.8/site-packages/drone_pkg-0.0.0-py3.8.egg-info/entry_points.txt
/home/sunrise/drone_ws/install/drone_pkg/lib/python3.8/site-packages/drone_pkg-0.0.0-py3.8.egg-info/PKG-INFO
/home/sunrise/drone_ws/install/drone_pkg/lib/python3.8/site-packages/drone_pkg-0.0.0-py3.8.egg-info/dependency_links.txt
/home/sunrise/drone_ws/install/drone_pkg/lib/python3.8/site-packages/drone_pkg-0.0.0-py3.8.egg-info/top_level.txt
/home/sunrise/drone_ws/install/drone_pkg/lib/python3.8/site-packages/drone_pkg-0.0.0-py3.8.egg-info/zip-safe
/home/sunrise/drone_ws/install/drone_pkg/lib/python3.8/site-packages/drone_pkg-0.0.0-py3.8.egg-info/requires.txt
/home/sunrise/drone_ws/install/drone_pkg/lib/drone_pkg/control0
/home/sunrise/drone_ws/install/drone_pkg/lib/drone_pkg/control1
/home/sunrise/drone_ws/install/drone_pkg/lib/drone_pkg/control_bt
/home/sunrise/drone_ws/install/drone_pkg/lib/drone_pkg/control_can
/home/sunrise/drone_ws/install/drone_pkg/lib/drone_pkg/view0
/home/sunrise/drone_ws/install/drone_pkg/lib/drone_pkg/view1
