[4.094s] Invoking command in '/home/sunrise/drone_ws/src/drone_pkg': PYTHONPATH=/home/sunrise/drone_ws/build/drone_pkg/prefix_override:/usr/lib/python3/dist-packages/colcon_core/task/python/colcon_distutils_commands:/home/sunrise/drone_ws/install/drone_pkg/lib/python3.8/site-packages:${PYTHONPATH} /usr/bin/python3 -W ignore:setup.py install is deprecated -W ignore:easy_install command is deprecated setup.py egg_info --egg-base ../../build/drone_pkg build --build-base /home/sunrise/drone_ws/build/drone_pkg/build install --record /home/sunrise/drone_ws/build/drone_pkg/install.log --install-scripts $base/lib/drone_pkg --single-version-externally-managed install_data
[5.517s] running egg_info
[5.521s] writing ../../build/drone_pkg/drone_pkg.egg-info/PKG-INFO
[5.522s] writing dependency_links to ../../build/drone_pkg/drone_pkg.egg-info/dependency_links.txt
[5.524s] writing entry points to ../../build/drone_pkg/drone_pkg.egg-info/entry_points.txt
[5.525s] writing requirements to ../../build/drone_pkg/drone_pkg.egg-info/requires.txt
[5.526s] writing top-level names to ../../build/drone_pkg/drone_pkg.egg-info/top_level.txt
[5.799s] reading manifest file '../../build/drone_pkg/drone_pkg.egg-info/SOURCES.txt'
[5.805s] writing manifest file '../../build/drone_pkg/drone_pkg.egg-info/SOURCES.txt'
[5.806s] running build
[5.807s] running build_py
[5.810s] running install
[5.815s] running install_lib
[5.825s] running install_data
[5.826s] running install_egg_info
[5.837s] removing '/home/sunrise/drone_ws/install/drone_pkg/lib/python3.8/site-packages/drone_pkg-0.0.0-py3.8.egg-info' (and everything under it)
[5.839s] Copying ../../build/drone_pkg/drone_pkg.egg-info to /home/sunrise/drone_ws/install/drone_pkg/lib/python3.8/site-packages/drone_pkg-0.0.0-py3.8.egg-info
[5.843s] running install_scripts
[5.958s] Installing control0 script to /home/sunrise/drone_ws/install/drone_pkg/lib/drone_pkg
[5.959s] Installing control1 script to /home/sunrise/drone_ws/install/drone_pkg/lib/drone_pkg
[5.960s] Installing control_bt script to /home/sunrise/drone_ws/install/drone_pkg/lib/drone_pkg
[5.961s] Installing control_can script to /home/sunrise/drone_ws/install/drone_pkg/lib/drone_pkg
[5.962s] Installing view0 script to /home/sunrise/drone_ws/install/drone_pkg/lib/drone_pkg
[5.963s] Installing view1 script to /home/sunrise/drone_ws/install/drone_pkg/lib/drone_pkg
[5.965s] writing list of installed files to '/home/sunrise/drone_ws/build/drone_pkg/install.log'
[6.125s] Invoked command in '/home/sunrise/drone_ws/src/drone_pkg' returned '0': PYTHONPATH=/home/sunrise/drone_ws/build/drone_pkg/prefix_override:/usr/lib/python3/dist-packages/colcon_core/task/python/colcon_distutils_commands:/home/sunrise/drone_ws/install/drone_pkg/lib/python3.8/site-packages:${PYTHONPATH} /usr/bin/python3 -W ignore:setup.py install is deprecated -W ignore:easy_install command is deprecated setup.py egg_info --egg-base ../../build/drone_pkg build --build-base /home/sunrise/drone_ws/build/drone_pkg/build install --record /home/sunrise/drone_ws/build/drone_pkg/install.log --install-scripts $base/lib/drone_pkg --single-version-externally-managed install_data
