[1.648s] DEBUG:colcon:Command line arguments: ['/usr/bin/colcon', 'build']
[1.648s] DEBUG:colcon:Parsed command line arguments: Namespace(allow_overriding=[], ament_cmake_args=None, base_paths=['.'], build_base='build', catkin_cmake_args=None, catkin_skip_building_tests=False, cmake_args=None, cmake_clean_cache=False, cmake_clean_first=False, cmake_force_configure=False, cmake_target=None, cmake_target_skip_unavailable=False, continue_on_error=False, event_handlers=None, executor='parallel', ignore_user_meta=False, install_base='install', log_base=None, log_level=None, main=<bound method BuildVerb.main of <colcon_core.verb.build.BuildVerb object at 0x7fb6f01eb0>>, merge_install=False, metas=['./colcon.meta'], packages_above=None, packages_above_and_dependencies=None, packages_above_depth=None, packages_end=None, packages_ignore=None, packages_ignore_regex=None, packages_select=None, packages_select_build_failed=False, packages_select_by_dep=None, packages_select_regex=None, packages_select_test_failures=False, packages_skip=None, packages_skip_build_finished=False, packages_skip_by_dep=None, packages_skip_regex=None, packages_skip_test_passed=False, packages_skip_up_to=None, packages_start=None, packages_up_to=None, packages_up_to_regex=None, parallel_workers=4, paths=None, symlink_install=False, test_result_base=None, verb_extension=<colcon_core.verb.build.BuildVerb object at 0x7fb6f01eb0>, verb_name='build', verb_parser=<colcon_defaults.argument_parser.defaults.DefaultArgumentsDecorator object at 0x7fb6dc1640>)
[2.791s] Level 1:colcon.colcon_core.package_discovery:discover_packages(colcon_meta) check parameters
[2.792s] Level 1:colcon.colcon_core.package_discovery:discover_packages(recursive) check parameters
[2.792s] Level 1:colcon.colcon_core.package_discovery:discover_packages(ignore) check parameters
[2.792s] Level 1:colcon.colcon_core.package_discovery:discover_packages(path) check parameters
[2.792s] Level 1:colcon.colcon_core.package_discovery:discover_packages(colcon_meta) discover
[2.793s] Level 1:colcon.colcon_core.package_discovery:discover_packages(recursive) discover
[2.793s] INFO:colcon.colcon_core.package_discovery:Crawling recursively for packages in '/home/sunrise/drone_ws'
[2.794s] Level 1:colcon.colcon_core.package_identification:_identify(.) by extensions ['ignore', 'ignore_ament_install']
[2.794s] Level 1:colcon.colcon_core.package_identification:_identify(.) by extension 'ignore'
[2.795s] Level 1:colcon.colcon_core.package_identification:_identify(.) by extension 'ignore_ament_install'
[2.795s] Level 1:colcon.colcon_core.package_identification:_identify(.) by extensions ['colcon_pkg']
[2.795s] Level 1:colcon.colcon_core.package_identification:_identify(.) by extension 'colcon_pkg'
[2.796s] Level 1:colcon.colcon_core.package_identification:_identify(.) by extensions ['colcon_meta']
[2.796s] Level 1:colcon.colcon_core.package_identification:_identify(.) by extension 'colcon_meta'
[2.796s] Level 1:colcon.colcon_core.package_identification:_identify(.) by extensions ['ros']
[2.796s] Level 1:colcon.colcon_core.package_identification:_identify(.) by extension 'ros'
[2.987s] Level 1:colcon.colcon_core.package_identification:_identify(.) by extensions ['cmake', 'python']
[2.987s] Level 1:colcon.colcon_core.package_identification:_identify(.) by extension 'cmake'
[2.987s] Level 1:colcon.colcon_core.package_identification:_identify(.) by extension 'python'
[2.988s] Level 1:colcon.colcon_core.package_identification:_identify(.) by extensions ['python_setup_py']
[2.988s] Level 1:colcon.colcon_core.package_identification:_identify(.) by extension 'python_setup_py'
[2.989s] Level 1:colcon.colcon_core.package_identification:_identify(build) by extensions ['ignore', 'ignore_ament_install']
[2.989s] Level 1:colcon.colcon_core.package_identification:_identify(build) by extension 'ignore'
[2.990s] Level 1:colcon.colcon_core.package_identification:_identify(build) ignored
[2.991s] Level 1:colcon.colcon_core.package_identification:_identify(install) by extensions ['ignore', 'ignore_ament_install']
[2.991s] Level 1:colcon.colcon_core.package_identification:_identify(install) by extension 'ignore'
[2.992s] Level 1:colcon.colcon_core.package_identification:_identify(install) ignored
[2.992s] Level 1:colcon.colcon_core.package_identification:_identify(log) by extensions ['ignore', 'ignore_ament_install']
[2.993s] Level 1:colcon.colcon_core.package_identification:_identify(log) by extension 'ignore'
[2.993s] Level 1:colcon.colcon_core.package_identification:_identify(log) ignored
[2.994s] Level 1:colcon.colcon_core.package_identification:_identify(src) by extensions ['ignore', 'ignore_ament_install']
[2.995s] Level 1:colcon.colcon_core.package_identification:_identify(src) by extension 'ignore'
[2.995s] Level 1:colcon.colcon_core.package_identification:_identify(src) by extension 'ignore_ament_install'
[2.995s] Level 1:colcon.colcon_core.package_identification:_identify(src) by extensions ['colcon_pkg']
[2.996s] Level 1:colcon.colcon_core.package_identification:_identify(src) by extension 'colcon_pkg'
[2.996s] Level 1:colcon.colcon_core.package_identification:_identify(src) by extensions ['colcon_meta']
[2.996s] Level 1:colcon.colcon_core.package_identification:_identify(src) by extension 'colcon_meta'
[2.997s] Level 1:colcon.colcon_core.package_identification:_identify(src) by extensions ['ros']
[2.997s] Level 1:colcon.colcon_core.package_identification:_identify(src) by extension 'ros'
[2.997s] Level 1:colcon.colcon_core.package_identification:_identify(src) by extensions ['cmake', 'python']
[2.998s] Level 1:colcon.colcon_core.package_identification:_identify(src) by extension 'cmake'
[2.998s] Level 1:colcon.colcon_core.package_identification:_identify(src) by extension 'python'
[2.999s] Level 1:colcon.colcon_core.package_identification:_identify(src) by extensions ['python_setup_py']
[2.999s] Level 1:colcon.colcon_core.package_identification:_identify(src) by extension 'python_setup_py'
[3.000s] Level 1:colcon.colcon_core.package_identification:_identify(src/drone_pkg) by extensions ['ignore', 'ignore_ament_install']
[3.000s] Level 1:colcon.colcon_core.package_identification:_identify(src/drone_pkg) by extension 'ignore'
[3.001s] Level 1:colcon.colcon_core.package_identification:_identify(src/drone_pkg) by extension 'ignore_ament_install'
[3.001s] Level 1:colcon.colcon_core.package_identification:_identify(src/drone_pkg) by extensions ['colcon_pkg']
[3.002s] Level 1:colcon.colcon_core.package_identification:_identify(src/drone_pkg) by extension 'colcon_pkg'
[3.002s] Level 1:colcon.colcon_core.package_identification:_identify(src/drone_pkg) by extensions ['colcon_meta']
[3.002s] Level 1:colcon.colcon_core.package_identification:_identify(src/drone_pkg) by extension 'colcon_meta'
[3.003s] Level 1:colcon.colcon_core.package_identification:_identify(src/drone_pkg) by extensions ['ros']
[3.003s] Level 1:colcon.colcon_core.package_identification:_identify(src/drone_pkg) by extension 'ros'
[3.023s] DEBUG:colcon.colcon_core.package_identification:Package 'src/drone_pkg' with type 'ros.ament_python' and name 'drone_pkg'
[3.023s] Level 1:colcon.colcon_core.package_discovery:discover_packages(recursive) using defaults
[3.024s] Level 1:colcon.colcon_core.package_discovery:discover_packages(ignore) discover
[3.024s] Level 1:colcon.colcon_core.package_discovery:discover_packages(ignore) using defaults
[3.024s] Level 1:colcon.colcon_core.package_discovery:discover_packages(path) discover
[3.024s] Level 1:colcon.colcon_core.package_discovery:discover_packages(path) using defaults
[3.161s] Level 1:colcon.colcon_core.package_discovery:discover_packages(prefix_path) check parameters
[3.161s] Level 1:colcon.colcon_core.package_discovery:discover_packages(prefix_path) discover
[3.178s] DEBUG:colcon.colcon_installed_package_information.package_discovery:Found 1 installed packages in /home/sunrise/drone_ws/install
[3.226s] DEBUG:colcon.colcon_installed_package_information.package_discovery:Found 328 installed packages in /opt/tros
[3.311s] Level 1:colcon.colcon_core.package_discovery:discover_packages(prefix_path) using defaults
[3.676s] Level 5:colcon.colcon_core.verb:set package 'drone_pkg' build argument 'cmake_args' from command line to 'None'
[3.677s] Level 5:colcon.colcon_core.verb:set package 'drone_pkg' build argument 'cmake_target' from command line to 'None'
[3.677s] Level 5:colcon.colcon_core.verb:set package 'drone_pkg' build argument 'cmake_target_skip_unavailable' from command line to 'False'
[3.677s] Level 5:colcon.colcon_core.verb:set package 'drone_pkg' build argument 'cmake_clean_cache' from command line to 'False'
[3.677s] Level 5:colcon.colcon_core.verb:set package 'drone_pkg' build argument 'cmake_clean_first' from command line to 'False'
[3.678s] Level 5:colcon.colcon_core.verb:set package 'drone_pkg' build argument 'cmake_force_configure' from command line to 'False'
[3.678s] Level 5:colcon.colcon_core.verb:set package 'drone_pkg' build argument 'ament_cmake_args' from command line to 'None'
[3.678s] Level 5:colcon.colcon_core.verb:set package 'drone_pkg' build argument 'catkin_cmake_args' from command line to 'None'
[3.678s] Level 5:colcon.colcon_core.verb:set package 'drone_pkg' build argument 'catkin_skip_building_tests' from command line to 'False'
[3.678s] DEBUG:colcon.colcon_core.verb:Building package 'drone_pkg' with the following arguments: {'ament_cmake_args': None, 'build_base': '/home/sunrise/drone_ws/build/drone_pkg', 'catkin_cmake_args': None, 'catkin_skip_building_tests': False, 'cmake_args': None, 'cmake_clean_cache': False, 'cmake_clean_first': False, 'cmake_force_configure': False, 'cmake_target': None, 'cmake_target_skip_unavailable': False, 'install_base': '/home/sunrise/drone_ws/install/drone_pkg', 'merge_install': False, 'path': '/home/sunrise/drone_ws/src/drone_pkg', 'symlink_install': False, 'test_result_base': None}
[3.680s] INFO:colcon.colcon_core.executor:Executing jobs using 'parallel' executor
[3.685s] DEBUG:colcon.colcon_parallel_executor.executor.parallel:run_until_complete
[3.687s] INFO:colcon.colcon_ros.task.ament_python.build:Building ROS package in '/home/sunrise/drone_ws/src/drone_pkg' with build type 'ament_python'
[3.688s] Level 1:colcon.colcon_core.shell:create_environment_hook('drone_pkg', 'ament_prefix_path')
[3.713s] INFO:colcon.colcon_core.plugin_system:Skipping extension 'colcon_core.shell.bat': Not used on non-Windows systems
[3.715s] INFO:colcon.colcon_core.shell:Creating environment hook '/home/sunrise/drone_ws/install/drone_pkg/share/drone_pkg/hook/ament_prefix_path.ps1'
[3.721s] INFO:colcon.colcon_core.shell:Creating environment descriptor '/home/sunrise/drone_ws/install/drone_pkg/share/drone_pkg/hook/ament_prefix_path.dsv'
[3.727s] INFO:colcon.colcon_core.shell:Creating environment hook '/home/sunrise/drone_ws/install/drone_pkg/share/drone_pkg/hook/ament_prefix_path.sh'
[3.737s] INFO:colcon.colcon_core.shell:Skip shell extension 'powershell' for command environment: Not usable outside of PowerShell
[3.737s] DEBUG:colcon.colcon_core.shell:Skip shell extension 'dsv' for command environment
[5.462s] INFO:colcon.colcon_core.task.python.build:Building Python package in '/home/sunrise/drone_ws/src/drone_pkg'
[5.464s] INFO:colcon.colcon_core.shell:Skip shell extension 'powershell' for command environment: Not usable outside of PowerShell
[5.464s] DEBUG:colcon.colcon_core.shell:Skip shell extension 'dsv' for command environment
[8.055s] DEBUG:colcon.colcon_core.event_handler.log_command:Invoking command in '/home/sunrise/drone_ws/src/drone_pkg': PYTHONPATH=/home/sunrise/drone_ws/build/drone_pkg/prefix_override:/usr/lib/python3/dist-packages/colcon_core/task/python/colcon_distutils_commands:/home/sunrise/drone_ws/install/drone_pkg/lib/python3.8/site-packages:${PYTHONPATH} /usr/bin/python3 -W ignore:setup.py install is deprecated -W ignore:easy_install command is deprecated setup.py egg_info --egg-base ../../build/drone_pkg build --build-base /home/sunrise/drone_ws/build/drone_pkg/build install --record /home/sunrise/drone_ws/build/drone_pkg/install.log --install-scripts $base/lib/drone_pkg --single-version-externally-managed install_data
[10.134s] DEBUG:colcon.colcon_core.event_handler.log_command:Invoked command in '/home/sunrise/drone_ws/src/drone_pkg' returned '0': PYTHONPATH=/home/sunrise/drone_ws/build/drone_pkg/prefix_override:/usr/lib/python3/dist-packages/colcon_core/task/python/colcon_distutils_commands:/home/sunrise/drone_ws/install/drone_pkg/lib/python3.8/site-packages:${PYTHONPATH} /usr/bin/python3 -W ignore:setup.py install is deprecated -W ignore:easy_install command is deprecated setup.py egg_info --egg-base ../../build/drone_pkg build --build-base /home/sunrise/drone_ws/build/drone_pkg/build install --record /home/sunrise/drone_ws/build/drone_pkg/install.log --install-scripts $base/lib/drone_pkg --single-version-externally-managed install_data
[10.163s] Level 1:colcon.colcon_core.environment:checking '/home/sunrise/drone_ws/install/drone_pkg' for CMake module files
[10.167s] Level 1:colcon.colcon_core.environment:checking '/home/sunrise/drone_ws/install/drone_pkg' for CMake config files
[10.172s] Level 1:colcon.colcon_core.environment:checking '/home/sunrise/drone_ws/install/drone_pkg/lib'
[10.173s] Level 1:colcon.colcon_core.environment:checking '/home/sunrise/drone_ws/install/drone_pkg/bin'
[10.173s] Level 1:colcon.colcon_core.environment:checking '/home/sunrise/drone_ws/install/drone_pkg/lib/pkgconfig/drone_pkg.pc'
[10.175s] Level 1:colcon.colcon_core.environment:checking '/home/sunrise/drone_ws/install/drone_pkg/lib/python3.8/site-packages'
[10.175s] Level 1:colcon.colcon_core.shell:create_environment_hook('drone_pkg', 'pythonpath')
[10.177s] INFO:colcon.colcon_core.shell:Creating environment hook '/home/sunrise/drone_ws/install/drone_pkg/share/drone_pkg/hook/pythonpath.ps1'
[10.180s] INFO:colcon.colcon_core.shell:Creating environment descriptor '/home/sunrise/drone_ws/install/drone_pkg/share/drone_pkg/hook/pythonpath.dsv'
[10.183s] INFO:colcon.colcon_core.shell:Creating environment hook '/home/sunrise/drone_ws/install/drone_pkg/share/drone_pkg/hook/pythonpath.sh'
[10.187s] Level 1:colcon.colcon_core.environment:checking '/home/sunrise/drone_ws/install/drone_pkg/bin'
[10.187s] Level 1:colcon.colcon_core.environment:create_environment_scripts_only(drone_pkg)
[10.190s] INFO:colcon.colcon_core.shell:Creating package script '/home/sunrise/drone_ws/install/drone_pkg/share/drone_pkg/package.ps1'
[10.197s] INFO:colcon.colcon_core.shell:Creating package descriptor '/home/sunrise/drone_ws/install/drone_pkg/share/drone_pkg/package.dsv'
[10.203s] INFO:colcon.colcon_core.shell:Creating package script '/home/sunrise/drone_ws/install/drone_pkg/share/drone_pkg/package.sh'
[10.210s] INFO:colcon.colcon_core.shell:Creating package script '/home/sunrise/drone_ws/install/drone_pkg/share/drone_pkg/package.bash'
[10.218s] INFO:colcon.colcon_core.shell:Creating package script '/home/sunrise/drone_ws/install/drone_pkg/share/drone_pkg/package.zsh'
[10.226s] Level 1:colcon.colcon_core.environment:create_file_with_runtime_dependencies(/home/sunrise/drone_ws/install/drone_pkg/share/colcon-core/packages/drone_pkg)
[10.228s] DEBUG:colcon.colcon_parallel_executor.executor.parallel:closing loop
[10.229s] DEBUG:colcon.colcon_parallel_executor.executor.parallel:loop closed
[10.230s] DEBUG:colcon.colcon_parallel_executor.executor.parallel:run_until_complete finished with '0'
[10.231s] DEBUG:colcon.colcon_core.event_reactor:joining thread
[10.283s] INFO:colcon.colcon_core.plugin_system:Skipping extension 'colcon_notification.desktop_notification.notify_send': Could not find 'notify-send'
[10.284s] INFO:colcon.colcon_core.plugin_system:Skipping extension 'colcon_notification.desktop_notification.terminal_notifier': Not used on non-Darwin systems
[10.285s] INFO:colcon.colcon_core.plugin_system:Skipping extension 'colcon_notification.desktop_notification.win32': Not used on non-Windows systems
[10.285s] INFO:colcon.colcon_notification.desktop_notification:Sending desktop notification using 'notify2'
[10.292s] DEBUG:colcon.colcon_notification.desktop_notification.notify2:Failed to initialize notify2: org.freedesktop.DBus.Error.Spawn.ExecFailed: /usr/bin/dbus-launch terminated abnormally without any error message
[10.293s] DEBUG:colcon.colcon_core.event_reactor:joined thread
[10.295s] INFO:colcon.colcon_core.shell:Creating prefix script '/home/sunrise/drone_ws/install/local_setup.ps1'
[10.307s] INFO:colcon.colcon_core.shell:Creating prefix util module '/home/sunrise/drone_ws/install/_local_setup_util_ps1.py'
[10.320s] INFO:colcon.colcon_core.shell:Creating prefix chain script '/home/sunrise/drone_ws/install/setup.ps1'
[10.331s] INFO:colcon.colcon_core.shell:Creating prefix script '/home/sunrise/drone_ws/install/local_setup.sh'
[10.338s] INFO:colcon.colcon_core.shell:Creating prefix util module '/home/sunrise/drone_ws/install/_local_setup_util_sh.py'
[10.343s] INFO:colcon.colcon_core.shell:Creating prefix chain script '/home/sunrise/drone_ws/install/setup.sh'
[10.351s] INFO:colcon.colcon_core.shell:Creating prefix script '/home/sunrise/drone_ws/install/local_setup.bash'
[10.356s] INFO:colcon.colcon_core.shell:Creating prefix chain script '/home/sunrise/drone_ws/install/setup.bash'
[10.364s] INFO:colcon.colcon_core.shell:Creating prefix script '/home/sunrise/drone_ws/install/local_setup.zsh'
[10.369s] INFO:colcon.colcon_core.shell:Creating prefix chain script '/home/sunrise/drone_ws/install/setup.zsh'
