running egg_info
creating ../../build/drone_pkg/drone_pkg.egg-info
writing ../../build/drone_pkg/drone_pkg.egg-info/PKG-INFO
writing dependency_links to ../../build/drone_pkg/drone_pkg.egg-info/dependency_links.txt
writing entry points to ../../build/drone_pkg/drone_pkg.egg-info/entry_points.txt
writing requirements to ../../build/drone_pkg/drone_pkg.egg-info/requires.txt
writing top-level names to ../../build/drone_pkg/drone_pkg.egg-info/top_level.txt
writing manifest file '../../build/drone_pkg/drone_pkg.egg-info/SOURCES.txt'
reading manifest file '../../build/drone_pkg/drone_pkg.egg-info/SOURCES.txt'
writing manifest file '../../build/drone_pkg/drone_pkg.egg-info/SOURCES.txt'
running build
running build_py
creating /home/richouu/drone_ws/build/drone_pkg/build
creating /home/richouu/drone_ws/build/drone_pkg/build/lib
creating /home/richouu/drone_ws/build/drone_pkg/build/lib/drone_pkg
copying drone_pkg/camera.py -> /home/richouu/drone_ws/build/drone_pkg/build/lib/drone_pkg
copying drone_pkg/control.py -> /home/richouu/drone_ws/build/drone_pkg/build/lib/drone_pkg
copying drone_pkg/__init__.py -> /home/richouu/drone_ws/build/drone_pkg/build/lib/drone_pkg
running install
running install_lib
creating /home/richouu/drone_ws/install/drone_pkg/lib/python3.10/site-packages/drone_pkg
copying /home/richouu/drone_ws/build/drone_pkg/build/lib/drone_pkg/camera.py -> /home/richouu/drone_ws/install/drone_pkg/lib/python3.10/site-packages/drone_pkg
copying /home/richouu/drone_ws/build/drone_pkg/build/lib/drone_pkg/control.py -> /home/richouu/drone_ws/install/drone_pkg/lib/python3.10/site-packages/drone_pkg
copying /home/richouu/drone_ws/build/drone_pkg/build/lib/drone_pkg/__init__.py -> /home/richouu/drone_ws/install/drone_pkg/lib/python3.10/site-packages/drone_pkg
byte-compiling /home/richouu/drone_ws/install/drone_pkg/lib/python3.10/site-packages/drone_pkg/camera.py to camera.cpython-310.pyc
byte-compiling /home/richouu/drone_ws/install/drone_pkg/lib/python3.10/site-packages/drone_pkg/control.py to control.cpython-310.pyc
byte-compiling /home/richouu/drone_ws/install/drone_pkg/lib/python3.10/site-packages/drone_pkg/__init__.py to __init__.cpython-310.pyc
running install_data
creating /home/richouu/drone_ws/install/drone_pkg/share/ament_index
creating /home/richouu/drone_ws/install/drone_pkg/share/ament_index/resource_index
creating /home/richouu/drone_ws/install/drone_pkg/share/ament_index/resource_index/packages
copying resource/drone_pkg -> /home/richouu/drone_ws/install/drone_pkg/share/ament_index/resource_index/packages
copying package.xml -> /home/richouu/drone_ws/install/drone_pkg/share/drone_pkg
running install_egg_info
Copying ../../build/drone_pkg/drone_pkg.egg-info to /home/richouu/drone_ws/install/drone_pkg/lib/python3.10/site-packages/drone_pkg-0.0.0-py3.10.egg-info
running install_scripts
Installing camera script to /home/richouu/drone_ws/install/drone_pkg/lib/drone_pkg
Installing control script to /home/richouu/drone_ws/install/drone_pkg/lib/drone_pkg
writing list of installed files to '/home/richouu/drone_ws/build/drone_pkg/install.log'
