[0.735s] Invoking command in '/home/richouu/drone_ws/src/drone_pkg': PYTHONPATH=/home/richouu/drone_ws/build/drone_pkg/prefix_override:/usr/lib/python3/dist-packages/colcon_core/task/python/colcon_distutils_commands:/home/richouu/drone_ws/install/drone_pkg/lib/python3.10/site-packages:${PYTHONPATH} /usr/bin/python3 -W ignore:setup.py install is deprecated -W ignore:easy_install command is deprecated setup.py egg_info --egg-base ../../build/drone_pkg build --build-base /home/richouu/drone_ws/build/drone_pkg/build install --record /home/richouu/drone_ws/build/drone_pkg/install.log --install-scripts $base/lib/drone_pkg --single-version-externally-managed install_data
[0.959s] /usr/lib/python3/dist-packages/setuptools/dist.py:723: UserWarning: Usage of dash-separated 'script-dir' will not be supported in future versions. Please use the underscore name 'script_dir' instead
[0.959s]   warnings.warn(
[0.968s] running egg_info
[0.968s] creating ../../build/drone_pkg/drone_pkg.egg-info
[0.969s] writing ../../build/drone_pkg/drone_pkg.egg-info/PKG-INFO
[0.970s] writing dependency_links to ../../build/drone_pkg/drone_pkg.egg-info/dependency_links.txt
[0.970s] writing entry points to ../../build/drone_pkg/drone_pkg.egg-info/entry_points.txt
[0.970s] writing requirements to ../../build/drone_pkg/drone_pkg.egg-info/requires.txt
[0.970s] writing top-level names to ../../build/drone_pkg/drone_pkg.egg-info/top_level.txt
[0.970s] writing manifest file '../../build/drone_pkg/drone_pkg.egg-info/SOURCES.txt'
[0.973s] reading manifest file '../../build/drone_pkg/drone_pkg.egg-info/SOURCES.txt'
[0.973s] writing manifest file '../../build/drone_pkg/drone_pkg.egg-info/SOURCES.txt'
[0.973s] running build
[0.973s] running build_py
[0.973s] creating /home/richouu/drone_ws/build/drone_pkg/build
[0.974s] creating /home/richouu/drone_ws/build/drone_pkg/build/lib
[0.974s] creating /home/richouu/drone_ws/build/drone_pkg/build/lib/drone_pkg
[0.974s] copying drone_pkg/camera.py -> /home/richouu/drone_ws/build/drone_pkg/build/lib/drone_pkg
[0.974s] copying drone_pkg/control.py -> /home/richouu/drone_ws/build/drone_pkg/build/lib/drone_pkg
[0.974s] copying drone_pkg/__init__.py -> /home/richouu/drone_ws/build/drone_pkg/build/lib/drone_pkg
[0.974s] running install
[0.974s] running install_lib
[0.975s] creating /home/richouu/drone_ws/install/drone_pkg/lib/python3.10/site-packages/drone_pkg
[0.975s] copying /home/richouu/drone_ws/build/drone_pkg/build/lib/drone_pkg/camera.py -> /home/richouu/drone_ws/install/drone_pkg/lib/python3.10/site-packages/drone_pkg
[0.975s] copying /home/richouu/drone_ws/build/drone_pkg/build/lib/drone_pkg/control.py -> /home/richouu/drone_ws/install/drone_pkg/lib/python3.10/site-packages/drone_pkg
[0.975s] copying /home/richouu/drone_ws/build/drone_pkg/build/lib/drone_pkg/__init__.py -> /home/richouu/drone_ws/install/drone_pkg/lib/python3.10/site-packages/drone_pkg
[0.977s] byte-compiling /home/richouu/drone_ws/install/drone_pkg/lib/python3.10/site-packages/drone_pkg/camera.py to camera.cpython-310.pyc
[0.977s] byte-compiling /home/richouu/drone_ws/install/drone_pkg/lib/python3.10/site-packages/drone_pkg/control.py to control.cpython-310.pyc
[0.979s] byte-compiling /home/richouu/drone_ws/install/drone_pkg/lib/python3.10/site-packages/drone_pkg/__init__.py to __init__.cpython-310.pyc
[0.979s] running install_data
[0.980s] creating /home/richouu/drone_ws/install/drone_pkg/share/ament_index
[0.980s] creating /home/richouu/drone_ws/install/drone_pkg/share/ament_index/resource_index
[0.980s] creating /home/richouu/drone_ws/install/drone_pkg/share/ament_index/resource_index/packages
[0.980s] copying resource/drone_pkg -> /home/richouu/drone_ws/install/drone_pkg/share/ament_index/resource_index/packages
[0.980s] copying package.xml -> /home/richouu/drone_ws/install/drone_pkg/share/drone_pkg
[0.980s] running install_egg_info
[0.982s] Copying ../../build/drone_pkg/drone_pkg.egg-info to /home/richouu/drone_ws/install/drone_pkg/lib/python3.10/site-packages/drone_pkg-0.0.0-py3.10.egg-info
[0.983s] running install_scripts
[1.009s] Installing camera script to /home/richouu/drone_ws/install/drone_pkg/lib/drone_pkg
[1.009s] Installing control script to /home/richouu/drone_ws/install/drone_pkg/lib/drone_pkg
[1.009s] writing list of installed files to '/home/richouu/drone_ws/build/drone_pkg/install.log'
[1.042s] Invoked command in '/home/richouu/drone_ws/src/drone_pkg' returned '0': PYTHONPATH=/home/richouu/drone_ws/build/drone_pkg/prefix_override:/usr/lib/python3/dist-packages/colcon_core/task/python/colcon_distutils_commands:/home/richouu/drone_ws/install/drone_pkg/lib/python3.10/site-packages:${PYTHONPATH} /usr/bin/python3 -W ignore:setup.py install is deprecated -W ignore:easy_install command is deprecated setup.py egg_info --egg-base ../../build/drone_pkg build --build-base /home/richouu/drone_ws/build/drone_pkg/build install --record /home/richouu/drone_ws/build/drone_pkg/install.log --install-scripts $base/lib/drone_pkg --single-version-externally-managed install_data
